\BOOKMARK [1][-]{section.1}{Overview}{}% 1
\BOOKMARK [1][-]{section.2}{Linear\040Regression}{}% 2
\BOOKMARK [2][-]{section*.4}{Problem\0401:}{section.2}% 3
\BOOKMARK [3][-]{section*.5}{Problem\0402:}{section*.4}% 4
\BOOKMARK [3][-]{section*.6}{Problem\0403:}{section*.4}% 5
\BOOKMARK [1][-]{section.3}{Quadratic\040Regression}{}% 6
\BOOKMARK [2][-]{section*.8}{Problem\0404:}{section.3}% 7
\BOOKMARK [3][-]{section*.10}{Problem\0405:}{section*.8}% 8
\BOOKMARK [1][-]{section.4}{Linear\040and\040Quadratic\040Discriminant\040Analysis}{}% 9
\BOOKMARK [2][-]{section*.11}{Problem\0406:}{section.4}% 10
\BOOKMARK [3][-]{section*.13}{Problem\0407:}{section*.11}% 11
\BOOKMARK [1][-]{section.5}{Linear\040Logistic\040Regression}{}% 12
\BOOKMARK [2][-]{section*.15}{Problem\0408:}{section.5}% 13
\BOOKMARK [3][-]{section*.16}{Problem\0409:}{section*.15}% 14
\BOOKMARK [3][-]{section*.17}{Problem\04010:}{section*.15}% 15
\BOOKMARK [1][-]{section.6}{k-nearest\040Neighbor\040Classifier}{}% 16
\BOOKMARK [2][-]{section*.18}{Problem\04013:}{section.6}% 17
\BOOKMARK [1][-]{section.7}{Naive\040Bayes\040Classifier}{}% 18
\BOOKMARK [2][-]{section*.23}{Problem\04014:}{section.7}% 19
\BOOKMARK [3][-]{section*.25}{Problem\04015:}{section*.23}% 20
\BOOKMARK [1][-]{section.8}{Optimal\040Bayes\040Classifier}{}% 21
\BOOKMARK [2][-]{section*.28}{Problem\04016:}{section.8}% 22
\BOOKMARK [1][-]{section.9}{Discussion}{}% 23
\BOOKMARK [2][-]{section*.30}{Problem\04017:}{section.9}% 24
